e:\zpeng\vsprojects\drawboot\drawboot\debug\drawboot.pch
e:\zpeng\vsprojects\drawboot\drawboot\debug\vc120.pdb
e:\zpeng\vsprojects\drawboot\drawboot\debug\vc120.idb
e:\zpeng\vsprojects\drawboot\drawboot\debug\stdafx.obj
e:\zpeng\vsprojects\drawboot\drawboot\debug\drawboot.obj
e:\zpeng\vsprojects\drawboot\drawboot\debug\drawbootdlg.obj
e:\zpeng\vsprojects\drawboot\drawboot\debug\mscomm1.obj
e:\zpeng\vsprojects\drawboot\drawboot\debug\drawboot.res
e:\zpeng\vsprojects\drawboot\debug\drawboot.pdb
e:\zpeng\vsprojects\drawboot\drawboot\debug\drawboot.tlog\cl.command.1.tlog
e:\zpeng\vsprojects\drawboot\drawboot\debug\drawboot.tlog\cl.read.1.tlog
e:\zpeng\vsprojects\drawboot\drawboot\debug\drawboot.tlog\cl.write.1.tlog
e:\zpeng\vsprojects\drawboot\drawboot\debug\drawboot.tlog\link-cvtres.read.1.tlog
e:\zpeng\vsprojects\drawboot\drawboot\debug\drawboot.tlog\link-cvtres.write.1.tlog
e:\zpeng\vsprojects\drawboot\drawboot\debug\drawboot.tlog\link-mt.read.1.tlog
e:\zpeng\vsprojects\drawboot\drawboot\debug\drawboot.tlog\link-mt.write.1.tlog
e:\zpeng\vsprojects\drawboot\drawboot\debug\drawboot.tlog\link-rc.read.1.tlog
e:\zpeng\vsprojects\drawboot\drawboot\debug\drawboot.tlog\link-rc.write.1.tlog
e:\zpeng\vsprojects\drawboot\drawboot\debug\drawboot.tlog\link.command.1.tlog
e:\zpeng\vsprojects\drawboot\drawboot\debug\drawboot.tlog\link.read.1.tlog
e:\zpeng\vsprojects\drawboot\drawboot\debug\drawboot.tlog\link.write.1.tlog
e:\zpeng\vsprojects\drawboot\drawboot\debug\drawboot.tlog\rc.command.1.tlog
e:\zpeng\vsprojects\drawboot\drawboot\debug\drawboot.tlog\rc.read.1.tlog
e:\zpeng\vsprojects\drawboot\drawboot\debug\drawboot.tlog\rc.write.1.tlog
