生成启动时间为 2017/5/12 12:03:59。
     1>项目“C:\Users\zhangpeng\Desktop\DrawBoot\DrawBoot\DrawBoot.vcxproj”在节点 2 上(Build 个目标)。
     1>ClCompile:
         D:\Program Files\Microsoft Visual Studio 12.0\VC\bin\CL.exe /c /ZI /nologo /W3 /WX- /sdl /Od /Oy- /D WIN32 /D _WINDOWS /D _DEBUG /D _CRT_SECURE_NO_WARNINGS /D _UNICODE /D UNICODE /D _AFXDLL /Gm /EHsc /RTC1 /MDd /GS /fp:precise /Zc:wchar_t /Zc:forScope /Yc"stdafx.h" /Fp"Debug\DrawBoot.pch" /Fo"Debug\\" /Fd"Debug\vc120.pdb" /Gd /TP /analyze- /errorReport:prompt stdafx.cpp
         stdafx.cpp
         D:\Program Files\Microsoft Visual Studio 12.0\VC\bin\CL.exe /c /ZI /nologo /W3 /WX- /sdl /Od /Oy- /D WIN32 /D _WINDOWS /D _DEBUG /D _CRT_SECURE_NO_WARNINGS /D _UNICODE /D UNICODE /D _AFXDLL /Gm /EHsc /RTC1 /MDd /GS /fp:precise /Zc:wchar_t /Zc:forScope /Yu"stdafx.h" /Fp"Debug\DrawBoot.pch" /Fo"Debug\\" /Fd"Debug\vc120.pdb" /Gd /TP /analyze- /errorReport:prompt DrawBoot.cpp DrawBootDlg.cpp mscomm1.cpp
         mscomm1.cpp
         DrawBootDlg.cpp
         DrawBoot.cpp
         正在生成代码...
       ResourceCompile:
         C:\Program Files\Windows Kits\8.1\bin\x86\rc.exe /D _DEBUG /D _UNICODE /D UNICODE /D _AFXDLL /l"0x0804" /IDebug\ /nologo /fo"Debug\DrawBoot.res" DrawBoot.rc 
       Link:
         D:\Program Files\Microsoft Visual Studio 12.0\VC\bin\link.exe /ERRORREPORT:PROMPT /OUT:"C:\Users\zhangpeng\Desktop\DrawBoot\Debug\DrawBoot.exe" /INCREMENTAL /NOLOGO /MANIFEST /MANIFESTUAC:"level='asInvoker' uiAccess='false'" /manifest:embed /manifestinput:"D:\Program Files\Microsoft Visual Studio 12.0\VC\Include\Manifest\dpiaware.manifest" /DEBUG /PDB:"C:\Users\zhangpeng\Desktop\DrawBoot\Debug\DrawBoot.pdb" /SUBSYSTEM:WINDOWS /TLBID:1 /ENTRY:"wWinMainCRTStartup" /DYNAMICBASE /NXCOMPAT /IMPLIB:"C:\Users\zhangpeng\Desktop\DrawBoot\Debug\DrawBoot.lib" /MACHINE:X86 Debug\DrawBoot.res
         Debug\DrawBoot.obj
         Debug\DrawBootDlg.obj
         Debug\mscomm1.obj
         Debug\stdafx.obj
         DrawBoot.vcxproj -> C:\Users\zhangpeng\Desktop\DrawBoot\Debug\DrawBoot.exe
     1>已完成生成项目“C:\Users\zhangpeng\Desktop\DrawBoot\DrawBoot\DrawBoot.vcxproj”(Build 个目标)的操作。

生成成功。

已用时间 00:00:25.03
